Command: VeryFastTree -threads 16 -nt -gtr -gamma
VeryFastTree Version 4.0.3 (OpenMP, SSE) with SSE3 using threads(16) level 3 deterministic
Alignment: standard input
Nucleotide distances: Jukes-Cantor Joins: balanced Support: SH-like 1000
Search: Normal +NNI +SPR (2 rounds range 10) +ML-NNI opt-each=1
TopHits: 1.00*sqrtN close=default refresh=0.80
ML Model: Generalized Time-Reversible, CAT approximation with 20 rate categories
      0.22 seconds: Top hits for      1 of    387 seqs (at seed      0)
      0.87 seconds: Top hits for    169 of    387 seqs (at seed    117)
      1.48 seconds: Top hits for    241 of    387 seqs (at seed    200)
      2.26 seconds: Top hits for    298 of    387 seqs (at seed    302)
      2.75 seconds: Joined    100 of    384
      3.26 seconds: Joined    200 of    384
      3.80 seconds: Joined    300 of    384
Initial topology in 4.17 seconds
Refining topology: 34 rounds ME-NNIs, 2 rounds ME-SPRs, 17 rounds ML-NNIs
      4.17 seconds: ME NNI round 1 of 34, 385 splits
      4.30 seconds: ME NNI round 1 of 34, 385 of 385 splits, 74 changes (max delta 0.010)
      4.40 seconds: ME NNI round 2 of 34, 385 of 385 splits, 31 changes (max delta 0.003)
      4.51 seconds: ME NNI round 4 of 34, 3 of 385 splits, 0 changes
      4.64 seconds: ME NNI round 5 of 34, 96 of 385 splits, 5 changes (max delta 0.009)
      4.76 seconds: ME NNI round 7 of 34, 52 of 385 splits, 6 changes (max delta 0.000)
      4.87 seconds: ME NNI round 9 of 34, 45 of 385 splits, 4 changes (max delta 0.001)
      6.17 seconds: SPR round   1 of   2, 101 of 772 nodes
      7.72 seconds: SPR round   1 of   2, 201 of 772 nodes
      9.10 seconds: SPR round   1 of   2, 301 of 772 nodes
     10.45 seconds: SPR round   1 of   2, 401 of 772 nodes
     12.27 seconds: SPR round   1 of   2, 501 of 772 nodes
     13.99 seconds: SPR round   1 of   2, 601 of 772 nodes
     15.45 seconds: SPR round   1 of   2, 701 of 772 nodes
     16.49 seconds: SPR round   1 of   2, 773 of 772 nodes
     16.61 seconds: ME NNI round 12 of 34, 385 of 385 splits, 0 changes
     18.04 seconds: SPR round   2 of   2, 101 of 772 nodes
     19.58 seconds: SPR round   2 of   2, 201 of 772 nodes
     21.21 seconds: SPR round   2 of   2, 301 of 772 nodes
     22.80 seconds: SPR round   2 of   2, 401 of 772 nodes
     24.45 seconds: SPR round   2 of   2, 501 of 772 nodes
     25.82 seconds: SPR round   2 of   2, 601 of 772 nodes
     27.20 seconds: SPR round   2 of   2, 701 of 772 nodes
     28.12 seconds: SPR round   2 of   2, 773 of 772 nodes
     28.25 seconds: ME NNI round 23 of 34, 385 of 385 splits, 0 changes
Total branch-length 5.352 after 28.36 sec
     28.41 seconds: Tree partitioned theoretical speedup 5.51 of 16
     29.24 seconds: ML NNI round 1 of 17, 385 splits
     29.35 seconds: ML NNI round 1 of 17, 135 of 385 splits, 6 changes (max delta 46.857)
     29.46 seconds: ML NNI round 1 of 17, 260 of 385 splits, 13 changes (max delta 57.996)
     29.61 seconds: ML NNI round 1 of 17, 319 of 385 splits, 18 changes (max delta 57.996)
     30.50 seconds: ML NNI round 1 of 17, 385 of 385 splits, 30 changes (max delta 57.996)
ML-NNI round 1: LogLk = -606851.820 NNIs 30 max delta 58.00 Time 30.52
     31.42 seconds: Optimizing GTR model, step 2 of 12
     32.11 seconds: Optimizing GTR model, step 3 of 12
     33.15 seconds: Optimizing GTR model, step 4 of 12
     34.18 seconds: Optimizing GTR model, step 5 of 12
     35.01 seconds: Optimizing GTR model, step 6 of 12
     36.04 seconds: Optimizing GTR model, step 7 of 12
     36.87 seconds: Optimizing GTR model, step 8 of 12
     37.32 seconds: Optimizing GTR model, step 9 of 12
     37.91 seconds: Optimizing GTR model, step 10 of 12
     38.54 seconds: Optimizing GTR model, step 11 of 12
     39.12 seconds: Optimizing GTR model, step 12 of 12
GTR Frequencies: 0.2087 0.2941 0.2557 0.2414
GTR rates(ac ag at cg ct gt) 1.1271 10.5750 0.5909 0.4041 10.4605 1.0000
     39.75 seconds: Tree partitioned theoretical speedup 5.36 of 16
     40.93 seconds: Site likelihoods with rate category 1 of 20
     41.03 seconds: Site likelihoods with rate category 3 of 20
     41.18 seconds: Site likelihoods with rate category 6 of 20
     41.33 seconds: Site likelihoods with rate category 9 of 20
     41.48 seconds: Site likelihoods with rate category 12 of 20
     41.63 seconds: Site likelihoods with rate category 15 of 20
     41.78 seconds: Site likelihoods with rate category 18 of 20
     41.89 seconds: Site likelihoods with rate category 20 of 20
Switched to using 20 rate categories (CAT approximation)
Rate categories were divided by 0.918 so that average rate = 1.0
CAT-based log-likelihoods may not be comparable across runs
     41.99 seconds: ML NNI round 2 of 17, 15 of 385 splits, 0 changes
     42.14 seconds: ML NNI round 2 of 17, 87 of 385 splits, 2 changes (max delta 17.104)
     42.25 seconds: ML NNI round 2 of 17, 197 of 385 splits, 6 changes (max delta 38.798)
     42.40 seconds: ML NNI round 2 of 17, 270 of 385 splits, 6 changes (max delta 38.798)
     42.61 seconds: ML NNI round 2 of 17, 323 of 385 splits, 8 changes (max delta 38.798)
     43.67 seconds: ML NNI round 2 of 17, 385 of 385 splits, 16 changes (max delta 38.798)
ML-NNI round 2: LogLk = -472785.843 NNIs 16 max delta 38.80 Time 43.69
     43.79 seconds: ML NNI round 3 of 17, 38 of 385 splits, 0 changes
     43.93 seconds: ML NNI round 3 of 17, 100 of 385 splits, 3 changes (max delta 26.034)
     44.10 seconds: ML NNI round 3 of 17, 140 of 385 splits, 4 changes (max delta 26.034)
     44.82 seconds: ML NNI round 3 of 17, 184 of 385 splits, 5 changes (max delta 26.034)
ML-NNI round 3: LogLk = -472737.550 NNIs 5 max delta 26.03 Time 44.83
     44.97 seconds: ML NNI round 4 of 17, 41 of 385 splits, 0 changes
     45.50 seconds: ML NNI round 4 of 17, 83 of 385 splits, 0 changes
ML-NNI round 4: LogLk = -472736.520 NNIs 0 max delta 0.00 Time 45.52
Turning off heuristics for final round of ML NNIs (converged)
     45.61 seconds: ML NNI round 5 of 17, 46 of 385 splits, 0 changes
     45.81 seconds: ML NNI round 5 of 17, 127 of 385 splits, 0 changes
     45.93 seconds: ML NNI round 5 of 17, 257 of 385 splits, 0 changes
     46.09 seconds: ML NNI round 5 of 17, 331 of 385 splits, 0 changes
     46.96 seconds: ML NNI round 5 of 17, 385 of 385 splits, 0 changes
ML-NNI round 5: LogLk = -472734.871 NNIs 0 max delta 0.00 Time 46.98 (final)
Optimize all lengths: LogLk = -472638.145 Time 48.02
     48.11 seconds: Tree partitioned theoretical speedup 7.28 of 16
     52.45 seconds: Site likelihoods with rate category 1 of 20
     52.59 seconds: Site likelihoods with rate category 4 of 20
     52.73 seconds: Site likelihoods with rate category 7 of 20
     52.88 seconds: Site likelihoods with rate category 10 of 20
     53.02 seconds: Site likelihoods with rate category 13 of 20
     53.16 seconds: Site likelihoods with rate category 16 of 20
     53.30 seconds: Site likelihoods with rate category 19 of 20
     53.49 seconds: Optimizing alpha round 2
Gamma(20) LogLk = -486956.491 alpha = 0.447 rescaling lengths by 1.034
Total time: 53.56 seconds Unique: 387/388 Bad splits: 339/384 Worst delta-LogLk 178.622
TreeCompleted
