ClonalFrameML v1.13
output_filtered = true
Finished reading in control file.

Read 388 sequences of length 15826 sites from /flask/scratch/matthewsp/pneumonia/data/alignments/m_catarrhalis.core_gene_alignment_filtered.snps.trimmed.aln
IMPUTATION AND RECONSTRUCTION OF ANCESTRAL STATES:
Analysing 13641 sites
Empirical nucleotide frequencies:   A 20.9%   C 29.4%   G 25.6%   T 24.1%
Maximum log-likelihood for imputation and ancestral state reconstruction = -566325
Wrote imputed and reconstructed ancestral states to /flask/scratch/matthewsp/pneumonia/data/trees/clonal_frame/m_catarrhalis.core_gene_alignment_filtered.snps.trimmed.vfasttree.recomb_pruned.ML_sequence.fasta
Wrote position cross-reference file to /flask/scratch/matthewsp/pneumonia/data/trees/clonal_frame/m_catarrhalis.core_gene_alignment_filtered.snps.trimmed.vfasttree.recomb_pruned.position_cross_reference.txt
BRANCH LENGTH CORRECTION/RECOMBINATION ANALYSIS:
Analysing 15826 sites
Empirical nucleotide frequencies:   A 20.9%   C 29.4%   G 25.6%   T 24.1%
Beginning branch optimization. Key to parameters (and constraints):
B   uncorrected branch length
L   maximum unnormalized log-posterior per branch
P   contribution of the prior to L
R   R/theta per branch                                       (> 0)
I   mean DNA import length per branch                        (> 0)
D   divergence of DNA imported by recombination              (> 0)
M   expected number of mutations per branch                  (> 0)
 L = -506280 P = 4960.58 R = 14.4773 I = 30.5432 D = 0.0791386 in 527.777 s and 94 evaluations
 Posterior alphas: R = 36766.6 I = 36763.9 D = 88789.9
 ClonalFrameML log-likelihood ratio of 51646.6 indicates evidence for recombination
Branch SAMEA4622191 B = 0.0018322 M = 9.62085e-05
Branch SAMEA4622229 B = 0.00176902 M = 7.61089e-05
Branch SAMEA7160377 B = 0.0116881 M = 0.000328882
Branch SAMN12251097 B = 0.0090978 M = 0.000355193
Branch SAMEA4621271 B = 0.00871873 M = 0.000301712
Branch SAMEA4620851 B = 0.0030326 M = 0.000180687
Branch SAMEA4004329 B = 0.0101087 M = 0.000422116
Branch SAMEA4620582 B = 0.00227445 M = 0.000113538
Branch SAMEA4621228 B = 0.000631792 M = 4.02939e-05
Branch SAMEA4620509 B = 0.00833965 M = 0.000397557
Branch SAMEA4621211 B = 0.000884508 M = 6.6435e-05
Branch SAMN15591372 B = 0.00429618 M = 0.000214305
Branch SAMEA7160385 B = 0.015163 M = 0.000264009
Branch SAMEA6587115 B = 0.00296942 M = 0.000211967
Branch SAMN12251090 B = 0.00366439 M = 0.000133393
Branch SAMEA4622987 B = 0.0387288 M = 0.000682756
Branch SAMEA7160394 B = 0.00726561 M = 0.00026077
Branch SAMEA4621695 B = 0.0150366 M = 0.000659218
Branch SAMEA102379168 B = 0.00113723 M = 0.000154935
Branch SAMEA4621673 B = 0.004233 M = 0.000201122
Branch SAMEA4620323 B = 0.004233 M = 0.000188364
Branch SAMEA4004300 B = 0.0329795 M = 0.000415164
Branch SAMEA4621824 B = 0.00713925 M = 0.000193793
Branch SAMEA4621821 B = 0.0150998 M = 0.000687347
Branch SAMEA4620464 B = 0.0506065 M = 0.000821047
Branch SAMEA4620480 B = 0.00208491 M = 0.00016511
Branch SAMEA4483256 B = 0.00846601 M = 0.000445927
Branch SAMN15454061 B = 0.00435936 M = 0.000171846
Branch SAMEA4620716 B = 0.000442254 M = 6.72911e-05
Branch SAMEA4622292 B = 0.0414455 M = 0.00083458
Branch SAMEA4621710 B = 0.0113723 M = 0.000370357
Branch SAMEA5130811 B = 0.00176902 M = 5.96982e-05
Branch SAMEA4621683 B = 0.0147839 M = 0.000422201
Branch SAMEA7160383 B = 0.00404347 M = 6.34005e-05
Branch SAMEA4622646 B = 0.00101087 M = 0.000104511
Branch SAMEA4621321 B = 0.00568613 M = 0.000175546
Branch SAMEA4620728 B = 0.0270407 M = 0.000264979
Branch SAMEA4621216 B = 0.0027167 M = 0.000116291
Branch SAMEA4622425 B = 0.00290624 M = 0.000122767
Branch SAMEA4620533 B = 0.0216073 M = 0.000628705
Branch SAMEA4621116 B = 0.000442254 M = 3.8929e-05
Branch SAMEA4622165 B = 0.00372757 M = 0.000141273
Branch SAMEA4621962 B = 0.0475739 M = 0.000573685
Branch SAMEA4620511 B = 0.0116881 M = 0.000445819
Branch SAMEA4483231 B = 0.00492798 M = 0.000163848
Branch SAMEA102405418 B = 0.00113723 M = 0.000112256
Branch SAMEA6587126 B = 0.00979277 M = 0.000316646
Branch SAMEA4495546 B = 0.0107405 M = 0.000246841
Branch SAMEA4621186 B = 0.0033485 M = 0.000149675
Branch SAMEA4621972 B = 0.00461208 M = 0.00022569
Branch SAMEA4483250 B = 0.0534496 M = 0.000646628
Branch SAMEA4004422 B = 0.027167 M = 0.000341107
Branch SAMEA4621062 B = 0.00663381 M = 0.000169905
Branch SAMEA4622205 B = 0.00442254 M = 0.000237754
Branch SAMEA4621179 B = 0.00745514 M = 0.000235489
Branch SAMEA4483264 B = 0.00600202 M = 0.000360893
Branch SAMN15591373 B = 0.00499115 M = 0.000270856
Branch SAMEA102382168 B = 0.0494061 M = 0.000863259
Branch SAMEA6587272 B = 0.0226181 M = 0.000730065
Branch SAMEA4622277 B = 0.00543341 M = 0.000201695
Branch SAMEA4620498 B = 0.00682335 M = 0.000399177
Branch SAMEA4622106 B = 0.00537023 M = 0.00013563
Branch SAMEA4621274 B = 0.00713925 M = 0.000310854
Branch SAMEA4621360 B = 0.0150366 M = 0.000607105
Branch SAMN12251093 B = 0.000694971 M = 8.06293e-05
Branch SAMEA102384418 B = 0.00935052 M = 0.000432349
Branch SAMEA4621320 B = 0.00954006 M = 0.000494307
Branch SAMEA4621913 B = 0.0296942 M = 0.000543151
Branch SAMEA4483258 B = 0.0209123 M = 0.000594616
Branch SAMEA6657570 B = 0.0048648 M = 0.000259338
Branch SAMEA4620590 B = 0.0406874 M = 0.000867783
Branch SAMEA4621677 B = 0.00372757 M = 0.000197573
Branch SAMEA4004685 B = 0.00366439 M = 0.000228681
Branch SAMEA5065831 B = 0.00499115 M = 0.000152976
Branch SAMEA4622574 B = 0.00840283 M = 0.000290718
Branch SAMN15591374 B = 0.00492798 M = 0.000295361
Branch SAMEA4621706 B = 0.0102982 M = 0.000452112
Branch SAMEA5661099 B = 0.0119409 M = 0.000149796
Branch SAMEA5130803 B = 0.00518069 M = 0.000175072
Branch SAMN05614889 B = 0.0161107 M = 0.000703589
Branch SAMN05614887 B = 0.00353803 M = 0.000117285
Branch SAMEA5065824 B = 0.00309578 M = 7.80647e-05
Branch SAMEA4622485 B = 0.0122568 M = 0.000457319
Branch SAMEA4620476 B = 0.0300733 M = 0.000574348
Branch SAMEA102413668 B = 0.0131413 M = 0.0004843
Branch SAMEA4621103 B = 0.00208491 M = 0.000120994
Branch SAMN10536194 B = 0.00416983 M = 0.000178766
Branch SAMEA5130892 B = 0.000694971 M = 7.45652e-05
Branch SAMEA4063500 B = 0.00537023 M = 0.000130812
Branch SAMEA5130860 B = 0.00808693 M = 0.000259472
Branch SAMEA7160391 B = 0.0108036 M = 0.000568622
Branch SAMEA4620595 B = 0.00619156 M = 0.000303549
Branch SAMEA4063191 B = 0.00429618 M = 0.000158228
Branch SAMEA4004522 B = 0.00631792 M = 0.000312383
Branch SAMEA4620334 B = 0.00259035 M = 0.000121001
Branch SAMEA4622527 B = 0.00391711 M = 0.00020748
Branch SAMEA4621118 B = 0.0100455 M = 0.000257814
Branch SAMEA5065820 B = 0.00145312 M = 0.000114796
Branch SAMEA4621384 B = 0.00802376 M = 0.000308469
Branch SAMEA4620543 B = 0.00259035 M = 6.02365e-05
Branch SAMEA102388918 B = 0.00657063 M = 0.000209024
Branch SAMEA5130825 B = 0.0347485 M = 0.000535068
Branch SAMEA110664896 B = 0.0060652 M = 0.000370332
Branch SAMEA4620729 B = 0.0145312 M = 0.000156229
Branch SAMEA4621433 B = 0.00713925 M = 0.000384748
Branch SAMEA4004423 B = 0.0160475 M = 0.000586223
Branch SAMEA4621606 B = 0.00221127 M = 0.000167991
Branch SAMEA5130758 B = 0.00164266 M = 0.000139813
Branch SAMEA4620974 B = 0.00568613 M = 0.000241892
Branch SAMEA4620408 B = 0.00366439 M = 4.923e-05
Branch SAMEA4620513 B = 0.00322214 M = 0.000209953
Branch SAMEA4622150 B = 0.00290624 M = 0.000159074
Branch SAMEA4621210 B = 0.00233763 M = 8.27152e-05
Branch SAMEA4622707 B = 0.00739196 M = 0.000258435
Branch SAMEA4621194 B = 0.00865555 M = 8.17574e-05
Branch SAMEA4621773 B = 0.022934 M = 0.000662368
Branch SAMEA5130863 B = 0.00164266 M = 8.85587e-05
Branch SAMEA4621279 B = 0.00328532 M = 0.000143065
Branch SAMEA4620849 B = 0.00530705 M = 6.89385e-05
Branch SAMEA4004421 B = 0.0433409 M = 0.000977322
Branch SAMEA4620494 B = 0.00416983 M = 0.000140995
Branch SAMEA5130886 B = 0.0101087 M = 0.000384458
Branch SAMEA4621711 B = 0.0216705 M = 0.000398284
Branch SAMEA4621903 B = 0.00530705 M = 0.000141989
Branch SAMEA4620400 B = 0.0320318 M = 0.000380424
Branch SAMEA102389668 B = 0.00701289 M = 0.000190464
Branch SAMEA4622408 B = 0.00391711 M = 5.21483e-05
Branch SAMEA4621889 B = 0.0075815 M = 0.000309789
Branch SAMEA6656785 B = 0.00480162 M = 0.000158468
Branch SAMEA4483261 B = 0.00176902 M = 0.000152461
Branch SAMEA4622173 B = 0.031021 M = 0.000509445
Branch SAMEA4620426 B = 0.00612838 M = 0.000215792
Branch SAMEA4622825 B = 0.00979277 M = 0.000228872
Branch SAMEA5130843 B = 0.0063811 M = 0.000160823
Branch SAMEA4621633 B = 0.000631792 M = 0.000104138
Branch SAMN15454062 B = 0.0128254 M = 0.000501175
Branch SAMEA4622254 B = 0.00777104 M = 0.000152508
Branch SAMEA4620458 B = 0.0153525 M = 0.000640019
Branch SAMEA4483313 B = 0.0397397 M = 0.000767979
Branch SAMEA7160389 B = 0.0063811 M = 0.000239654
Branch SAMEA4621003 B = 0.0172479 M = 0.000181104
Branch SAMEA4620465 B = 0.0183851 M = 0.000720438
Branch SAMEA4620404 B = 0.0174375 M = 0.00028576
Branch SAMEA4620544 B = 0.00859237 M = 0.000151214
Branch SAMEA4622303 B = 0.0114354 M = 0.000524337
Branch SAMN15591368 B = 0.00713925 M = 0.000359837
Branch SAMEA5130812 B = 0.0156684 M = 0.000626049
Branch SAMEA4622897 B = 0.00581248 M = 0.000151465
Branch SAMEA4483312 B = 0.0550291 M = 0.000753354
Branch SAMEA6634895 B = 0.0113723 M = 0.00047686
Branch SAMEA4620425 B = 0.00341168 M = 0.000142434
Branch SAMEA4620427 B = 0.00265353 M = 0.000111639
Branch SAMEA4622444 B = 0.00366439 M = 0.000107922
Branch SAMEA4622017 B = 0.00360121 M = 7.68381e-05
Branch SAMEA4620473 B = 0.00284306 M = 0.00021295
Branch SAMEA5130877 B = 0.00429618 M = 0.00021918
Branch SAMEA4621203 B = 0.0125095 M = 0.000403348
Branch SAMEA4620377 B = 0.000947688 M = 4.84925e-05
Branch SAMEA4621113 B = 0.00309578 M = 6.30926e-05
Branch SAMEA6657075 B = 0.0015163 M = 0.000135662
Branch SAMN03197532 B = 0.0100455 M = 0.00038359
Branch SAMEA4620580 B = 0.00682335 M = 0.000181156
Branch SAMEA5130893 B = 0.00612838 M = 0.000337784
Branch SAMEA4361644 B = 0.00644428 M = 0.000269815
Branch SAMEA6587067 B = 0.0123199 M = 0.000313849
Branch SAMEA4622978 B = 0.00353803 M = 0.000207016
Branch SAMEA4004326 B = 0.00164266 M = 7.17478e-05
Branch SAMEA6656783 B = 0.000252717 M = 6.71189e-05
Branch SAMEA4622952 B = 0.00707607 M = 0.000238543
Branch SAMEA4621053 B = 0.0048648 M = 0.000134529
Branch SAMEA4483257 B = 0.0094137 M = 0.000481352
Branch SAMEA5130757 B = 0.0111195 M = 0.000166099
Branch SAMEA4622670 B = 0.00682335 M = 0.000190627
Branch SAMEA4620659 B = 0.00208491 M = 0.000172389
Branch SAMEA4621856 B = 0.010235 M = 0.000367897
Branch SAMEA4621189 B = 0.00259035 M = 0.000173799
Branch SAMN12251091 B = 0.0078974 M = 0.000463989
Branch SAMEA4621121 B = 0.00233763 M = 0.000119375
Branch SAMEA4622350 B = 0.00113723 M = 8.95798e-05
Branch SAMEA4620351 B = 0.00701289 M = 0.000250221
Branch SAMEA4621550 B = 0.000315896 M = 7.63733e-05
Branch SAMEA4483238 B = 0.046184 M = 0.00080401
Branch SAMEA4620846 B = 0.00284306 M = 5.92257e-05
Branch SAMEA4622199 B = 0.00821329 M = 8.90927e-05
Branch SAMEA4622265 B = 0.00657063 M = 0.000267341
Branch SAMEA4621951 B = 0.00360121 M = 0.000179764
Branch SAMN03197681 B = 0.0142153 M = 0.000318887
Branch SAMEA4622523 B = 0.00461208 M = 0.000167921
Branch SAMEA6656784 B = 0.00164266 M = 0.000109977
Branch SAMEA4620733 B = 0.00555977 M = 0.000271525
Branch SAMEA4004408 B = 0.00555977 M = 0.00036658
Branch SAMEA4622158 B = 0.0060652 M = 0.000124773
Branch SAMEA4621647 B = 0.0018322 M = 0.000124354
Branch SAMEA4620554 B = 0.00726561 M = 0.000280067
Branch SAMEA4004809 B = 0.0660854 M = 0.000702758
Branch SAMEA4621106 B = 0.0137099 M = 0.000547785
Branch SAMEA4622261 B = 0.0063811 M = 0.000217507
Branch SAMEA4622894 B = 0.0128886 M = 0.000456972
Branch SAMEA4483239 B = 0.0154789 M = 0.000357748
Branch SAMEA4621441 B = 0.00530705 M = 0.000179702
Branch SAMEA4622368 B = 0.044415 M = 0.000807576
Branch SAMEA6656844 B = 0.0112459 M = 0.000427852
Branch SAMEA6656943 B = 0.0140258 M = 0.000419045
Branch SAMEA4622445 B = 0.0183851 M = 0.000537188
Branch SAMEA4621957 B = 0.00935052 M = 0.000357955
Branch SAMEA4621609 B = 0.0015163 M = 7.71727e-05
Branch SAMEA4622278 B = 0.00341168 M = 0.000127313
Branch INHALE_FRESH_40-barcode08-bins.1 B = 0.00467526 M = 8.30321e-05
Branch SAMEA4621182 B = 0.00145312 M = 9.53872e-05
Branch SAMEA4622844 B = 0.00448572 M = 0.000184301
Branch SAMEA4621563 B = 0.00429618 M = 0.000200692
Branch SAMEA7160387 B = 0.0012004 M = 8.86641e-05
Branch SAMEA4620567 B = 0.00385393 M = 0.000196848
Branch SAMEA4620456 B = 0.0313369 M = 0.000444714
Branch SAMEA4620304 B = 0.00398029 M = 0.000102038
Branch SAMEA4622865 B = 0.0458681 M = 0.000838335
Branch SAMEA4620930 B = 0.000694971 M = 6.68041e-05
Branch SAMEA4621621 B = 0.0147207 M = 0.000495188
Branch SAMEA4621026 B = 0.00783422 M = 0.000311799
Branch SAMEA4621729 B = 0.00833965 M = 0.000339426
Branch SAMN12880592 B = 0.00277988 M = 0.000231518
Branch SAMEA4622454 B = 0.00537023 M = 0.000193815
Branch SAMEA6657651 B = 0.00821329 M = 0.000319454
Branch SAMEA6656801 B = 0.00328532 M = 0.000110859
Branch SAMEA6656929 B = 0.00587566 M = 0.000295082
Branch SAMEA4483255 B = 0.0323477 M = 0.000517377
Branch SAMEA4622128 B = 0.00372757 M = 0.000122883
Branch SAMEA102380668 B = 0.00221127 M = 6.86331e-05
Branch SAMN05721781 B = 0.00448572 M = 0.000231484
Branch SAMEA4622531 B = 0.000126358 M = 4.81867e-05
Branch SAMEA4620506 B = 0.0106141 M = 0.000222647
Branch SAMEA4622379 B = 0.00341168 M = 0.000159621
Branch SAMN04875550 B = 0.00107405 M = 0.000148086
Branch SAMEA4621175 B = 0.0012004 M = 5.75557e-05
Branch SAMEA4620270 B = 0.00126358 M = 8.18386e-05
Branch SAMEA4620538 B = 0.011625 M = 0.000114812
Branch SAMEA4620994 B = 0.00833965 M = 0.000291217
Branch SAMN05614886 B = 0.00581248 M = 0.000276367
Branch SAMEA4621307 B = 0.00827647 M = 0.000402077
Branch SAMEA102394918 B = 0.038097 M = 0.00051994
Branch SAMEA4622166 B = 0.00587566 M = 0.000136623
Branch SAMEA5130750 B = 0.00562295 M = 5.49355e-05
Branch SAMN15591377 B = 0.00385393 M = 0.000245251
Branch SAMEA4622924 B = 0.00884508 M = 0.000295363
Branch SAMEA102383668 B = 0.00416983 M = 0.000104104
Branch SAMEA4620907 B = 0.00366439 M = 0.000172055
Branch SAMEA4620797 B = 0.0192696 M = 0.000785737
Branch SAMEA4622252 B = 0.0033485 M = 0.000243647
Branch SAMEA4620361 B = 0.00145312 M = 0.000112192
Branch SAMEA7160378 B = 0.00480162 M = 9.18552e-05
Branch SAMN12251084 B = 0.0480162 M = 0.000851714
Branch SAMEA4622832 B = 0.000379075 M = 6.68497e-05
Branch SAMEA4622466 B = 0.00113723 M = 7.24982e-05
Branch SAMEA4483247 B = 0.0457417 M = 0.000658753
Branch SAMEA4004403 B = 0.0109932 M = 0.000420613
Branch SAMEA7160382 B = 0.0048648 M = 0.000156558
Branch SAMEA6587116 B = 0.030326 M = 0.000543526
Branch SAMEA4621905 B = 0.000568613 M = 7.67787e-05
Branch SAMEA4622034 B = 0.00631792 M = 0.000100469
Branch SAMEA4620913 B = 0.00410665 M = 0.000250711
Branch SAMN15591369 B = 0.00518069 M = 0.00030482
Branch SAMEA4483297 B = 0.00410665 M = 0.000215626
Branch SAMEA4620556 B = 0.00145312 M = 0.000104725
Branch SAMEA4622198 B = 0.00353803 M = 0.000188348
Branch SAMEA102390418 B = 0.000694971 M = 7.64832e-05
Branch SAMEA4622937 B = 0.00985595 M = 0.000228962
Branch SAMEA102372418 B = 0.011625 M = 0.000435169
Branch SAMEA4620357 B = 0.00195855 M = 4.88633e-05
Branch SAMEA5130741 B = 0.00631792 M = 0.000177492
Branch SAMEA4622262 B = 0.00644428 M = 0.000157949
Branch SAMEA4622027 B = 0.0213546 M = 0.000733725
Branch SAMEA6657412 B = 0.00492798 M = 0.000193616
Branch SAMEA4620299 B = 0.000694971 M = 5.77864e-05
Branch SAMEA4622810 B = 0.0109932 M = 0.000376743
Branch SAMEA102412168 B = 0.0063811 M = 6.51568e-05
Branch SAMEA4620594 B = 0.0147207 M = 0.000499476
Branch SAMEA4620439 B = 0.00568613 M = 0.000180711
Branch SAMEA4622629 B = 0.00410665 M = 0.000244917
Branch SAMEA102371668 B = 0.00265353 M = 0.000187302
Branch SAMEA4621936 B = 0.00852919 M = 0.000224882
Branch SAMEA4483278 B = 0.00221127 M = 0.000128246
Branch SAMEA4620430 B = 0.000568613 M = 7.63987e-05
Branch SAMEA102410668 B = 0.0148471 M = 0.000544407
Branch SAMEA4621201 B = 0.0063811 M = 0.000161801
Branch SAMEA4004811 B = 0.00448572 M = 0.000210266
Branch SAMEA4620350 B = 0.0378443 M = 0.000553509
Branch LibraryC-barcode08-bins.1 B = 0.0027167 M = 4.841e-05
Branch SAMEA4620842 B = 0.00574931 M = 0.000194401
Branch SAMEA4622222 B = 0.00277988 M = 0.00019918
Branch SAMEA5065827 B = 0.00543341 M = 0.000322418
Branch SAMEA4621001 B = 0.00568613 M = 0.000182358
Branch SAMEA4620308 B = 0.00107405 M = 5.00993e-05
Branch SAMEA4622116 B = 0.00865555 M = 0.00042097
Branch SAMEA6587051 B = 0.0128886 M = 0.000332312
Branch SAMEA4621108 B = 0.00435936 M = 0.000224361
Branch SAMEA5130920 B = 0.004233 M = 0.000206447
Branch SAMEA4620318 B = 0.0156053 M = 0.000676649
Branch SAMN15591376 B = 0.000442254 M = 4.87713e-05
Branch SAMEA4622079 B = 0.00221127 M = 9.19397e-05
Branch SAMEA4620292 B = 0.00145312 M = 0.000137126
Branch SAMEA4620327 B = 0.00732878 M = 0.000317559
Branch SAMEA4004806 B = 0.00360121 M = 0.000218279
Branch SAMEA4622002 B = 0.00221127 M = 0.000157535
Branch SAMEA4620560 B = 0.0140258 M = 0.000626502
Branch SAMEA4004328 B = 0.00391711 M = 0.000240516
Branch SAMEA4620433 B = 0.000505433 M = 6.95015e-05
Branch SAMEA4622397 B = 0.00442254 M = 0.00029111
Branch SAMEA5130752 B = 0.0343063 M = 0.000432041
Branch SAMEA4004406 B = 0.00732878 M = 0.000218014
Branch SAMEA2674408 B = 0.0189538 M = 0.000703868
Branch SAMEA4063152 B = 0.0030326 M = 9.82186e-05
Branch SAMEA4620593 B = 0.0211018 M = 0.000236405
Branch SAMEA4621842 B = 0.0103614 M = 0.000445865
Branch SAMEA4621703 B = 0.00631792 M = 0.000125949
Branch SAMEA4621047 B = 0.00347485 M = 0.000225658
Branch SAMEA4620561 B = 0.00145312 M = 0.000126658
Branch SAMEA102382918 B = 0.00290624 M = 0.000247142
Branch SAMEA4622147 B = 0.0060652 M = 0.000158555
Branch SAMN15591380 B = 0.00366439 M = 0.000169346
Branch SAMN12251095 B = 0.00126358 M = 8.64891e-05
Branch SAMEA4620373 B = 0.000821329 M = 5.76889e-05
Branch SAMN15591381 B = 0.00227445 M = 0.000137535
Branch SAMEA4622281 B = 0.0221127 M = 0.00078243
Branch SAMEA4621825 B = 0.0139626 M = 0.000307796
Branch SAMEA4620429 B = 0.0102982 M = 9.9813e-05
Branch SAMEA4622287 B = 0.00777104 M = 0.000236366
Branch SAMEA37668418 B = 0.00404347 M = 9.2454e-05
Branch SAMN15591366 B = 0.00480162 M = 0.000159189
Branch SAMEA2674528 B = 0.018701 M = 0.000695337
Branch SAMEA4622738 B = 0.00663381 M = 0.0002292
Branch SAMEA4621930 B = 0.0018322 M = 0.000126783
Branch SAMEA4620577 B = 0.00290624 M = 0.000182386
Branch SAMEA6587068 B = 0.00726561 M = 0.000228808
Branch SAMEA4622312 B = 0.00101087 M = 7.51673e-05
Branch SAMEA4621568 B = 0.00240081 M = 0.000104818
Branch SAMEA4620359 B = 0.00132676 M = 0.000131946
Branch SAMEA4622822 B = 0.000947688 M = 8.20337e-05
Branch INHALE_FRESH_18-barcode06-bins.1 B = 0.00821329 M = 6.11115e-05
Branch SAMEA4621904 B = 0.00499115 M = 0.000124789
Branch SAMN12251087 B = 0.0459944 M = 0.000764121
Branch SAMEA4622060 B = 0.00492798 M = 0.000206672
Branch SAMN15591375 B = 0.00530705 M = 0.000219001
Branch SAMEA4621969 B = 0.0108036 M = 0.000277855
Branch INHALE_FRESH_45-barcode01-bins.2 B = 0.000568613 M = 7.55407e-05
Branch SAMEA4620791 B = 0.00966641 M = 0.000271816
Branch SAMEA4620678 B = 0.0547132 M = 0.000648199
Branch SAMEA4621715 B = 0.0149735 M = 0.000315172
Branch SAMEA4620330 B = 0.000694971 M = 6.70272e-05
Branch SAMEA4620783 B = 0.00903462 M = 0.000260334
Branch SAMEA4620436 B = 0.00385393 M = 9.8406e-05
Branch SAMEA111379347 B = 0.00429618 M = 6.23577e-05
Branch SAMEA4622039 B = 0.0171216 M = 0.00073404
Branch SAMEA5130769 B = 0.0228709 M = 0.000357766
Branch SAMEA4620551 B = 0.00543341 M = 0.00025089
Branch INHALE_FRESH_39-barcode04-bins.1 B = 0.000884508 M = 7.75622e-05
Branch SAMEA4621885 B = 0.00473844 M = 0.000246538
Branch SAMEA4622322 B = 0.0135203 M = 0.000466044
Branch SAMEA102378418 B = 0.000631792 M = 5.76121e-05
Branch SAMEA4621359 B = 0.00562295 M = 0.000202448
Branch SAMEA4622309 B = 0.0133308 M = 0.000451195
Branch SAMEA7160392 B = 0.0375284 M = 0.000890177
Branch SAMEA4483246 B = 0.00549659 M = 0.000226417
Branch SAMEA4620557 B = 0.00429618 M = 0.000148649
Branch SAMEA4620721 B = 0.00739196 M = 0.000394205
Branch SAMEA6656856 B = 0.00202173 M = 0.000243305
Branch SAMEA6657083 B = 0.0113091 M = 0.000591237
Branch SAMEA4621864 B = 0.00499115 M = 0.000207309
Branch SAMEA7160379 B = 0.00682335 M = 0.000438752
Branch SAMEA102395668 B = 0.00461208 M = 0.00023363
Branch SAMEA37788418 B = 0.0169952 M = 0.000469547
Branch SAMEA5130770 B = 0.0033485 M = 6.3934e-05
Branch SAMEA4620368 B = 0.0114354 M = 8.19062e-05
Branch SAMEA4620504 B = 0.00726561 M = 0.000225884
Branch SAMEA4622560 B = 0.00353803 M = 9.73702e-05
Branch SAMEA4621663 B = 0.0104246 M = 0.00030844
Branch SAMEA7160380 B = 0.0030326 M = 7.65288e-05
Branch SAMEA4620354 B = 0.0135835 M = 0.000145429
Branch SAMEA4621060 B = 0.00574931 M = 0.00020199
Branch SAMEA4621208 B = 0.00398029 M = 0.000108565
Branch SAMEA4621689 B = 0.0157316 M = 0.000145715
Branch SAMEA4621733 B = 0.00701289 M = 0.000225254
Branch NODE_389 B = 0.0207228 M = 0.000175708
Branch NODE_390 B = 0.0030326 M = 7.94381e-05
Branch NODE_391 B = 0.000379075 M = 4.03493e-05
Branch NODE_392 B = 0.00277988 M = 9.51598e-05
Branch NODE_393 B = 0.000315896 M = 3.9116e-05
Branch NODE_394 B = 0.00145312 M = 5.01734e-05
Branch NODE_395 B = 0.0432777 M = 0.00071475
Branch NODE_396 B = 0.0498484 M = 0.000648465
Branch NODE_397 B = 0.0102982 M = 0.000147389
Branch NODE_398 B = 0.00353803 M = 8.8787e-05
Branch NODE_399 B = 0.0427723 M = 0.000658587
Branch NODE_400 B = 0.00233763 M = 9.70599e-05
Branch NODE_401 B = 0.0159212 M = 0.000358829
Branch NODE_402 B = 0.00379075 M = 9.79684e-05
Branch NODE_403 B = 0.0281147 M = 0.000467039
Branch NODE_404 B = 0.00385393 M = 9.96586e-05
Branch NODE_405 B = 0.0284306 M = 0.000697066
Branch NODE_406 B = 0.00170584 M = 5.07871e-05
Branch NODE_407 B = 0.00947688 M = 0.000199773
Branch NODE_408 B = 0.0401188 M = 0.000743299
Branch NODE_409 B = 0.0410665 M = 0.000977314
Branch NODE_410 B = 0.00252717 M = 5.48456e-05
Branch NODE_411 B = 0.0211018 M = 0.000563938
Branch NODE_412 B = 0.015163 M = 0.000267563
Branch NODE_413 B = 0.0389184 M = 0.000738166
Branch NODE_414 B = 0.0238817 M = 0.000479997
Branch NODE_415 B = 0.00694971 M = 0.000255419
Branch NODE_416 B = 0.00676017 M = 0.000110295
Branch NODE_417 B = 0.00360121 M = 5.37418e-05
Branch NODE_418 B = 0.0457417 M = 0.000767754
Branch NODE_419 B = 0.0353803 M = 0.000571539
Branch NODE_420 B = 0.0490902 M = 0.000649182
Branch NODE_421 B = 0.0199646 M = 0.00056274
Branch NODE_422 B = 0.0477635 M = 0.000677763
Branch NODE_423 B = 0.0138362 M = 0.000484867
Branch NODE_424 B = 0.0425196 M = 0.00094415
Branch NODE_425 B = 0.00385393 M = 0.000197178
Branch NODE_426 B = 0.00922416 M = 0.000411014
Branch NODE_427 B = 0.0235658 M = 0.000600271
Branch NODE_428 B = 0.00859237 M = 0.000273285
Branch NODE_429 B = 0.00644428 M = 0.000348967
Branch NODE_430 B = 0.0147207 M = 0.00046457
Branch NODE_431 B = 0.0159843 M = 0.000468729
Branch NODE_432 B = 0.00688653 M = 0.000366012
Branch NODE_433 B = 0.0118777 M = 0.000558536
Branch NODE_434 B = 0.0215441 M = 0.000704753
Branch NODE_435 B = 0.00916098 M = 0.000495547
Branch NODE_436 B = 0.0147207 M = 0.00050263
Branch NODE_437 B = 0.00290624 M = 0.000380914
Branch NODE_438 B = 0.00385393 M = 0.000296156
Branch NODE_439 B = 0.0197751 M = 0.000581358
Branch NODE_440 B = 0.0112459 M = 0.000611286
Branch NODE_441 B = 0.00897144 M = 0.000523298
Branch NODE_442 B = 0.00713925 M = 0.000430601
Branch NODE_443 B = 0.00657063 M = 0.000380324
Branch NODE_444 B = 0.00410665 M = 0.000240234
Branch NODE_445 B = 0.00480162 M = 0.000140796
Branch NODE_446 B = 0.0100455 M = 0.000460349
Branch NODE_447 B = 0.0154789 M = 0.000646793
Branch NODE_448 B = 0.00511751 M = 0.000374454
Branch NODE_449 B = 0.035949 M = 0.000837449
Branch NODE_450 B = 0.00315896 M = 0.0003481
Branch NODE_451 B = 0.00530705 M = 0.000339041
Branch NODE_452 B = 0.004233 M = 0.000329045
Branch NODE_453 B = 0.00341168 M = 0.000325374
Branch NODE_454 B = 0.00537023 M = 0.000356479
Branch NODE_455 B = 0.0045489 M = 0.000323516
Branch NODE_456 B = 0.00372757 M = 0.00036805
Branch NODE_457 B = 0.00240081 M = 0.000277837
Branch NODE_458 B = 0.00416983 M = 0.000349168
Branch NODE_459 B = 0.00966641 M = 0.000630538
Branch NODE_460 B = 0.00581248 M = 0.000435597
Branch NODE_461 B = 0.00265353 M = 0.000271466
Branch NODE_462 B = 0.00259035 M = 0.000307575
Branch NODE_463 B = 0.00593884 M = 0.000414672
Branch NODE_464 B = 0.0018322 M = 0.000257995
Branch NODE_465 B = 0.00631792 M = 0.000307296
Branch NODE_466 B = 0.004233 M = 0.000333465
Branch NODE_467 B = 0.0048648 M = 0.000478539
Branch NODE_468 B = 0.00385393 M = 0.000285727
Branch NODE_469 B = 0.0101087 M = 0.000735703
Branch NODE_470 B = 0.0844706 M = 0.000260022
Branch NODE_471 B = 0.0252717 M = 0.00054883
Branch NODE_472 B = 0.0255244 M = 0.000136067
Branch NODE_473 B = 0.00688653 M = 0.00017974
Branch NODE_474 B = 0.00972959 M = 0.000353095
Branch NODE_475 B = 0.00416983 M = 0.000221163
Branch NODE_476 B = 0.00398029 M = 0.000139607
Branch NODE_477 B = 0.0063811 M = 0.000184772
Branch NODE_478 B = 0.00284306 M = 0.000132481
Branch NODE_479 B = 0.00802376 M = 0.00026652
Branch NODE_480 B = 0.00145312 M = 7.79686e-05
Branch NODE_481 B = 0.00126358 M = 0.000114714
Branch NODE_482 B = 0.000947688 M = 6.65709e-05
Branch NODE_483 B = 0.00101087 M = 9.59965e-05
Branch NODE_484 B = 0.0048648 M = 0.000147549
Branch NODE_485 B = 0.00347485 M = 0.000161169
Branch NODE_486 B = 0.0018322 M = 0.000103721
Branch NODE_487 B = 0.00113723 M = 6.7211e-05
Branch NODE_488 B = 0.00416983 M = 0.000136207
Branch NODE_489 B = 0.00227445 M = 8.44356e-05
Branch NODE_490 B = 0.00075815 M = 4.82618e-05
Branch NODE_491 B = 0.000505433 M = 5.75993e-05
Branch NODE_492 B = 0.000252717 M = 4.64231e-05
Branch NODE_493 B = 0.00145312 M = 9.29487e-05
Branch NODE_494 B = 0.00176902 M = 0.000122478
Branch NODE_495 B = 0.00265353 M = 0.00011592
Branch NODE_496 B = 0.00101087 M = 8.39627e-05
Branch NODE_497 B = 0.00398029 M = 0.00017365
Branch NODE_498 B = 0.00461208 M = 0.000147598
Branch NODE_499 B = 0.000442254 M = 7.62183e-05
Branch NODE_500 B = 0.000821329 M = 6.66182e-05
Branch NODE_501 B = 0.00145312 M = 9.4963e-05
Branch NODE_502 B = 0.0048648 M = 0.000228892
Branch NODE_503 B = 0.00360121 M = 0.00013754
Branch NODE_504 B = 0.00461208 M = 0.000186531
Branch NODE_505 B = 0.000442254 M = 6.6497e-05
Branch NODE_506 B = 0.00157948 M = 5.91426e-05
Branch NODE_507 B = 0.000884508 M = 3.91029e-05
Branch NODE_508 B = 0.00328532 M = 0.000141956
Branch NODE_509 B = 0.00157948 M = 9.76168e-05
Branch NODE_510 B = 0.0045489 M = 0.000111036
Branch NODE_511 B = 0.00227445 M = 0.000152056
Branch NODE_512 B = 0.00492798 M = 0.000182329
Branch NODE_513 B = 0.00296942 M = 0.000102288
Branch NODE_514 B = 0.00208491 M = 0.000103343
Branch NODE_515 B = 0.00227445 M = 0.000135243
Branch NODE_516 B = 0.000884508 M = 8.47125e-05
Branch NODE_517 B = 0.00366439 M = 0.000162794
Branch NODE_518 B = 0.000947688 M = 8.75297e-05
Branch NODE_519 B = 0.00126358 M = 6.15909e-05
Branch NODE_520 B = 0.0015163 M = 0.000120411
Branch NODE_521 B = 0.000505433 M = 3.89081e-05
Branch NODE_522 B = 0.000315896 M = 7.61624e-05
Branch NODE_523 B = 0.00954006 M = 0.000279884
Branch NODE_524 B = 0.00176902 M = 8.67723e-05
Branch NODE_525 B = 0.000505433 M = 5.74282e-05
Branch NODE_526 B = 0.0015163 M = 7.62904e-05
Branch NODE_527 B = 0.00138994 M = 5.77306e-05
Branch NODE_528 B = 0.0108036 M = 0.000351786
Branch NODE_529 B = 0.00138994 M = 0.000133618
Branch NODE_530 B = 0.00113723 M = 0.000108178
Branch NODE_531 B = 0.00625474 M = 0.000254233
Branch NODE_532 B = 0.0108668 M = 0.000453742
Branch NODE_533 B = 0.00176902 M = 9.81265e-05
Branch NODE_534 B = 0.00113723 M = 5.89019e-05
Branch NODE_535 B = 0.000631792 M = 7.52315e-05
Branch NODE_536 B = 0.0033485 M = 5.05676e-05
Branch NODE_537 B = 0.00233763 M = 6.71151e-05
Branch NODE_538 B = 0.00644428 M = 0.000298896
Branch NODE_539 B = 0.00644428 M = 0.000203045
Branch NODE_540 B = 0.00284306 M = 0.000109141
Branch NODE_541 B = 0.00600202 M = 0.000272368
Branch NODE_542 B = 0.000947688 M = 4.91355e-05
Branch NODE_543 B = 0.00587566 M = 0.00020588
Branch NODE_544 B = 0.00132676 M = 0.000104905
Branch NODE_545 B = 0.000252717 M = 6.71071e-05
Branch NODE_546 B = 0.00189538 M = 9.59925e-05
Branch NODE_547 B = 0.00132676 M = 0.000140306
Branch NODE_548 B = 0.00138994 M = 0.000150185
Branch NODE_549 B = 0.00138994 M = 4.87024e-05
Branch NODE_550 B = 0.00518069 M = 0.000219442
Branch NODE_551 B = 0.00202173 M = 6.09662e-05
Branch NODE_552 B = 0.0018322 M = 0.000138934
Branch NODE_553 B = 0.00865555 M = 0.000339272
Branch NODE_554 B = 0.00240081 M = 0.000167156
Branch NODE_555 B = 0.000568613 M = 4.89247e-05
Branch NODE_556 B = 0.00101087 M = 4.06185e-05
Branch NODE_557 B = 0.00473844 M = 0.000161553
Branch NODE_559 B = 0.00189538 M = 0.000134213
Branch NODE_560 B = 0.00170584 M = 0.000129454
Branch NODE_561 B = 0.00107405 M = 6.67641e-05
Branch NODE_562 B = 0.00669699 M = 0.000195933
Branch NODE_563 B = 0.000884508 M = 4.91358e-05
Branch NODE_564 B = 0.00676017 M = 0.000273621
Branch NODE_565 B = 0.000694971 M = 6.73787e-05
Branch NODE_566 B = 0.00315896 M = 0.000135503
Branch NODE_567 B = 0.000442254 M = 5.81685e-05
Branch NODE_568 B = 0.00391711 M = 0.000198229
Branch NODE_569 B = 0.00315896 M = 0.000178547
Branch NODE_570 B = 0.00676017 M = 0.000226489
Branch NODE_571 B = 0.00233763 M = 0.000127296
Branch NODE_572 B = 0.00214809 M = 8.10551e-05
Branch NODE_573 B = 0.00391711 M = 0.000147458
Branch NODE_574 B = 0.00499115 M = 0.000251966
Branch NODE_575 B = 0.0127622 M = 0.000409104
Branch NODE_576 B = 0.00259035 M = 0.000191812
Branch NODE_577 B = 0.00176902 M = 0.0001572
Branch NODE_578 B = 0.00284306 M = 0.000140574
Branch NODE_579 B = 0.00113723 M = 5.96357e-05
Branch NODE_580 B = 0.00543341 M = 0.000221068
Branch NODE_581 B = 0.00132676 M = 9.72399e-05
Branch NODE_583 B = 0.00581248 M = 0.000271403
Branch NODE_584 B = 0.00075815 M = 7.81879e-05
Branch NODE_585 B = 0.00075815 M = 4.00259e-05
Branch NODE_586 B = 0.000947688 M = 8.56371e-05
Branch NODE_587 B = 0.00998231 M = 0.000459941
Branch NODE_588 B = 0.000252717 M = 4.82302e-05
Branch NODE_589 B = 0.000379075 M = 6.69771e-05
Branch NODE_590 B = 0.00461208 M = 0.000302656
Branch NODE_591 B = 0.00600202 M = 0.000308255
Branch NODE_592 B = 0.00890826 M = 0.000336566
Branch NODE_593 B = 0.00315896 M = 0.000144781
Branch NODE_594 B = 0.00511751 M = 0.0002206
Branch NODE_595 B = 0.00284306 M = 0.000139281
Branch NODE_596 B = 0.00202173 M = 8.92495e-05
Branch NODE_597 B = 0.00164266 M = 9.74145e-05
Branch NODE_598 B = 0.00644428 M = 0.000234615
Branch NODE_599 B = 0.000442254 M = 4.19386e-05
Branch NODE_600 B = 0.00701289 M = 0.00017708
Branch NODE_601 B = 0.004233 M = 0.000221581
Branch NODE_602 B = 0.0113091 M = 0.000458512
Branch NODE_603 B = 0.00208491 M = 7.93538e-05
Branch NODE_604 B = 0.0116881 M = 0.000552798
Branch NODE_605 B = 0.00385393 M = 0.000159424
Branch NODE_606 B = 0.0033485 M = 0.000135984
Branch NODE_607 B = 0.00189538 M = 0.000113977
Branch NODE_608 B = 0.00132676 M = 4.86477e-05
Branch NODE_609 B = 0.00815011 M = 0.00026455
Branch NODE_610 B = 0.0121936 M = 0.000453342
Branch NODE_611 B = 0.00802376 M = 0.000388006
Branch NODE_612 B = 0.00574931 M = 0.000213327
Branch NODE_613 B = 0.00600202 M = 0.000333884
Branch NODE_614 B = 0.00821329 M = 0.000444736
Branch NODE_615 B = 0.00372757 M = 0.000197685
Branch NODE_616 B = 0.00107405 M = 9.01507e-05
Branch NODE_617 B = 0.000126358 M = 4.81837e-05
Branch NODE_618 B = 0.000379075 M = 4.82531e-05
Branch NODE_619 B = 0.00878191 M = 0.000558651
Branch NODE_620 B = 0.00252717 M = 0.000115681
Branch NODE_621 B = 0.000631792 M = 7.95008e-05
Branch NODE_622 B = 0.004233 M = 0.000191519
Branch NODE_623 B = 0.00221127 M = 0.000161828
Branch NODE_624 B = 0.0045489 M = 0.000314069
Branch NODE_625 B = 0.014468 M = 0.000709898
Branch NODE_626 B = 0.00322214 M = 0.000141579
Branch NODE_627 B = 0.00138994 M = 0.000100303
Branch NODE_628 B = 0.0027167 M = 0.00011074
Branch NODE_629 B = 0.0018322 M = 8.67142e-05
Branch NODE_630 B = 0.00259035 M = 0.000144944
Branch NODE_631 B = 0.000505433 M = 5.63913e-05
Branch NODE_632 B = 0.00796058 M = 0.000322156
Branch NODE_633 B = 0.00214809 M = 0.0001642
Branch NODE_634 B = 0.00505433 M = 0.000279239
Branch NODE_635 B = 0.00315896 M = 0.000225566
Branch NODE_636 B = 0.000568613 M = 4.40772e-05
Branch NODE_637 B = 0.00233763 M = 0.000130467
Branch NODE_638 B = 0.00290624 M = 0.000142667
Branch NODE_639 B = 0.00448572 M = 0.000297413
Branch NODE_640 B = 0.000568613 M = 9.65787e-05
Branch NODE_641 B = 0.00265353 M = 0.000158598
Branch NODE_642 B = 0.00372757 M = 7.88708e-05
Branch NODE_643 B = 0.00713925 M = 0.000321361
Branch NODE_644 B = 0.00113723 M = 8.03215e-05
Branch NODE_645 B = 0.00246399 M = 0.000178731
Branch NODE_646 B = 0.00170584 M = 6.94378e-05
Branch NODE_647 B = 0.00189538 M = 0.000162476
Branch NODE_648 B = 0.0109932 M = 0.000560964
Branch NODE_649 B = 0.0012004 M = 0.00011486
Branch NODE_650 B = 0.00537023 M = 0.000278112
Branch NODE_651 B = 0.00315896 M = 0.000128703
Branch NODE_652 B = 0.00676017 M = 0.000450381
Branch NODE_653 B = 0.00473844 M = 0.0001858
Branch NODE_654 B = 0.00126358 M = 8.57673e-05
Branch NODE_655 B = 0.00145312 M = 0.000173686
Branch NODE_656 B = 0.00176902 M = 9.82955e-05
Branch NODE_657 B = 0.00296942 M = 0.000266701
Branch NODE_658 B = 0.00259035 M = 0.00014397
Branch NODE_659 B = 0.00379075 M = 0.000123857
Branch NODE_660 B = 0.00290624 M = 0.0001878
Branch NODE_661 B = 0.000442254 M = 4.83202e-05
Branch NODE_662 B = 0.00233763 M = 0.00011729
Branch NODE_663 B = 0.00101087 M = 9.68764e-05
Branch NODE_664 B = 0.00075815 M = 4.92229e-05
Branch NODE_665 B = 0.00240081 M = 0.000155768
Branch NODE_666 B = 0.00296942 M = 0.000131152
Branch NODE_667 B = 0.000505433 M = 5.00633e-05
Branch NODE_668 B = 0.000821329 M = 0.000128259
Branch NODE_669 B = 0.000821329 M = 5.76837e-05
Branch NODE_670 B = 0.00435936 M = 0.000169865
Branch NODE_671 B = 0.00543341 M = 0.00031789
Branch NODE_672 B = 0.00132676 M = 9.04884e-05
Branch NODE_673 B = 0.00132676 M = 7.25131e-05
Branch NODE_674 B = 0.00157948 M = 0.000135405
Branch NODE_675 B = 0.0015163 M = 0.000153204
Branch NODE_676 B = 0.00202173 M = 0.000181391
Branch NODE_677 B = 0.0090978 M = 0.000479335
Branch NODE_678 B = 0.00966641 M = 0.000521243
Branch NODE_679 B = 0.00499115 M = 0.000327561
Branch NODE_680 B = 0.000947688 M = 0.000104322
Branch NODE_681 B = 0.00802376 M = 0.000388063
Branch NODE_682 B = 0.00208491 M = 0.000171332
Branch NODE_683 B = 0.00284306 M = 0.000207043
Branch NODE_684 B = 0.00391711 M = 0.000174466
Branch NODE_685 B = 0.00884508 M = 0.000437055
Branch NODE_686 B = 0.00764468 M = 0.000307442
Branch NODE_687 B = 0.00208491 M = 0.000102204
Branch NODE_688 B = 0.00770786 M = 0.000450844
Branch NODE_689 B = 0.00252717 M = 0.000171862
Branch NODE_690 B = 0.00101087 M = 0.0001043
Branch NODE_691 B = 0.00549659 M = 0.000306151
Branch NODE_692 B = 0.00372757 M = 0.000114741
Branch NODE_693 B = 0.00650746 M = 0.000361652
Branch NODE_694 B = 0.00379075 M = 0.000288717
Branch NODE_695 B = 0.00328532 M = 0.000171742
Branch NODE_696 B = 0.00353803 M = 0.000198574
Branch NODE_697 B = 0.00315896 M = 0.000167626
Branch NODE_698 B = 0.0027167 M = 0.000183198
Branch NODE_699 B = 0.00682335 M = 0.00029316
Branch NODE_700 B = 0.0033485 M = 0.000211595
Branch NODE_701 B = 0.00537023 M = 0.000347655
Branch NODE_702 B = 0.00713925 M = 0.000415015
Branch NODE_703 B = 0.00208491 M = 0.000206061
Branch NODE_704 B = 0.00341168 M = 0.000211822
Branch NODE_705 B = 0.00398029 M = 0.000185066
Branch NODE_706 B = 0.00473844 M = 0.000308711
Branch NODE_707 B = 0.00461208 M = 0.000287257
Branch NODE_708 B = 0.00113723 M = 0.000126577
Branch NODE_709 B = 0.00694971 M = 0.000383611
Branch NODE_710 B = 0.00385393 M = 0.000171776
Branch NODE_711 B = 0.00732878 M = 0.000396206
Branch NODE_712 B = 0.00328532 M = 0.000187551
Branch NODE_713 B = 0.00366439 M = 0.000215741
Branch NODE_714 B = 0.00189538 M = 0.000103446
Branch NODE_715 B = 0.00360121 M = 0.000192142
Branch NODE_716 B = 0.00796058 M = 0.000255653
Branch NODE_717 B = 0.0030326 M = 0.000108137
Branch NODE_718 B = 0.00233763 M = 0.000209184
Branch NODE_719 B = 0.00233763 M = 0.000152173
Branch NODE_720 B = 0.00221127 M = 0.000183805
Branch NODE_721 B = 0.004233 M = 0.000291349
Branch NODE_722 B = 0.00448572 M = 0.000349233
Branch NODE_723 B = 0.00189538 M = 0.000158907
Branch NODE_724 B = 0.00240081 M = 0.000179439
Branch NODE_725 B = 0.0063811 M = 0.00041038
Branch NODE_726 B = 0.00322214 M = 0.000203551
Branch NODE_727 B = 0.00631792 M = 0.000327481
Branch NODE_728 B = 0.00461208 M = 0.000241817
Branch NODE_729 B = 0.00739196 M = 0.000331152
Branch NODE_730 B = 0.00145312 M = 0.000115679
Branch NODE_731 B = 0.00240081 M = 0.000257397
Branch NODE_732 B = 0.0027167 M = 0.000219701
Branch NODE_733 B = 0.00657063 M = 0.000370066
Branch NODE_734 B = 0.00126358 M = 0.000134519
Branch NODE_735 B = 0.00682335 M = 0.000400884
Branch NODE_736 B = 0.00227445 M = 0.000179724
Branch NODE_737 B = 0.00410665 M = 0.000238113
Branch NODE_738 B = 0.00511751 M = 0.000352033
Branch NODE_739 B = 0.000884508 M = 9.50639e-05
Branch NODE_740 B = 0.00391711 M = 0.000224658
Branch NODE_741 B = 0.00227445 M = 0.000132872
Branch NODE_742 B = 0.00416983 M = 0.000250207
Branch NODE_743 B = 0.00398029 M = 0.000289226
Branch NODE_744 B = 0.00101087 M = 8.57839e-05
Branch NODE_745 B = 0.00284306 M = 0.000194292
Branch NODE_746 B = 0.00410665 M = 0.000164147
Branch NODE_747 B = 0.0060652 M = 0.000329681
Branch NODE_748 B = 0.00480162 M = 0.000268354
Branch NODE_749 B = 0.00132676 M = 8.56085e-05
Branch NODE_750 B = 0.00170584 M = 9.48723e-05
Branch NODE_751 B = 0.00240081 M = 0.000145538
Branch NODE_752 B = 0.00296942 M = 0.000209126
Branch NODE_753 B = 0.00101087 M = 8.61655e-05
Branch NODE_754 B = 0.00101087 M = 0.000105143
Branch NODE_755 B = 0.00214809 M = 0.000188591
Branch NODE_756 B = 0.00214809 M = 0.000143567
Branch NODE_757 B = 0.00126358 M = 0.000125335
Branch NODE_758 B = 0.00164266 M = 9.86812e-05
Branch NODE_759 B = 0.00101087 M = 0.000133661
Branch NODE_760 B = 0.0015163 M = 9.57533e-05
Branch NODE_761 B = 0.00214809 M = 0.000131963
Branch NODE_762 B = 0.00101087 M = 8.61299e-05
Branch NODE_763 B = 0.0018322 M = 0.000199889
Branch NODE_764 B = 0.00126358 M = 9.88219e-05
Branch NODE_765 B = 0.00138994 M = 0.000151306
Branch NODE_766 B = 0.0015163 M = 0.000142033
Branch NODE_767 B = 0.00322214 M = 0.000290327
Branch NODE_768 B = 0.00233763 M = 0.000103831
Branch NODE_769 B = 0.00113723 M = 0.000131137
Branch NODE_770 B = 0.0018322 M = 0.000122638
Branch NODE_771 B = 0.000884508 M = 0.000141596
Branch NODE_772 B = 0.0018322 M = 0.000112535
Branch NODE_773 B = 0.00107405 M = 9.40163e-05
Wrote inferred importation status to /flask/scratch/matthewsp/pneumonia/data/trees/clonal_frame/m_catarrhalis.core_gene_alignment_filtered.snps.trimmed.vfasttree.recomb_pruned.importation_status.txt
Wrote filtered alignment to /flask/scratch/matthewsp/pneumonia/data/trees/clonal_frame/m_catarrhalis.core_gene_alignment_filtered.snps.trimmed.vfasttree.recomb_pruned.filtered.fasta
Wrote processed tree to /flask/scratch/matthewsp/pneumonia/data/trees/clonal_frame/m_catarrhalis.core_gene_alignment_filtered.snps.trimmed.vfasttree.recomb_pruned.labelled_tree.newick
All done in 8.97693 minutes.
