IQ-TREE multicore version 2.2.6 COVID-edition for Linux 64-bit built Dec  8 2023
Developed by Bui Quang Minh, James Barbetti, Nguyen Lam Tung,
Olga Chernomor, Heiko Schmidt, Dominik Schrempf, Michael Woodhams, Ly Trong Nhan.

Host:    cn025 (AVX2, FMA3, 2014 GB RAM)
Command: iqtree2 -nt 8 -s /flask/scratch/matthewsp/pneumonia/data/alignments/m_catarrhalis.core_gene_alignment_filtered.snps.trimmed.aln -m MFP --prefix /flask/scratch/matthewsp/pneumonia/data/trees/m_catarrhalis.core_gene_alignment_filtered.snps.trimmed.fast --fast
Seed:    614418 (Using SPRNG - Scalable Parallel Random Number Generator)
Time:    Mon Jun 17 15:31:05 2024
Kernel:  AVX+FMA - 8 threads (32 CPU cores detected)

Reading alignment file /flask/scratch/matthewsp/pneumonia/data/alignments/m_catarrhalis.core_gene_alignment_filtered.snps.trimmed.aln ... Fasta format detected
Reading fasta file: done in 0.124031 secs using 96.67% CPU
Alignment most likely contains DNA/RNA sequences
Constructing alignment: done in 0.0624583 secs using 144.5% CPU
Alignment has 388 sequences with 15826 columns, 12006 distinct patterns
10025 parsimony-informative, 3616 singleton sites, 2185 constant sites
Analyzing sequences: done in 0.00497134 secs using 796.1% CPU
Checking for duplicate sequences: done in 0.00436968 secs using 717.6% CPU


Create initial parsimony tree by phylogenetic likelihood library (PLL)... 1.51 seconds
Perform fast likelihood tree search using GTR+I+G model...
Estimate model parameters (epsilon = 5.00)
Perform nearest neighbor interchange...
Optimizing NNI: done in 2.06903 secs using 794.6% CPU
Estimate model parameters (epsilon = 1.00)
1. Initial log-likelihood: -490015.81
2. Current log-likelihood: -490014.37
Optimal log-likelihood: -490013.46
Rate parameters:  A-C: 1.12182  A-G: 11.60763  A-T: 0.57049  C-G: 0.32894  C-T: 10.93983  G-T: 1.00000
Base frequencies:  A: 0.209  C: 0.294  G: 0.256  T: 0.241
Proportion of invariable sites: 0.031
Gamma shape alpha: 0.567
Parameters optimization took 2 rounds (1.682 sec)
Time for fast ML tree search: 14.751 seconds

NOTE: ModelFinder requires 1511 MB RAM!
ModelFinder will test up to 484 DNA models (sample size: 15826) ...
 No. Model         -LnL         df  AIC          AICc         BIC
  1  GTR+F         546968.633   781 1095499.265  1095580.459  1101489.074
  2  GTR+F+I       538864.461   782 1079292.923  1079374.330  1085290.401
  3  GTR+F+G4      490020.091   782 981604.183   981685.590   987601.661
  4  GTR+F+I+G4    490010.471   783 981586.941   981668.562   987592.089
  5  GTR+F+R2      495789.292   783 993144.585   993226.206   999149.732
  6  GTR+F+R3      486827.226   785 975224.452   975306.501   981244.938
  7  GTR+F+R4      485372.210   787 972318.420   972400.899   978354.246
WARNING: Log-likelihood -485377 of GTR+F+R5 worse than GTR+F+R4 -485372
  8  GTR+F+R5      485377.381   789 972332.762   972415.671   978383.926
 14  GTR+F+I+R2    493770.931   784 989109.862   989191.697   995122.679
 15  GTR+F+I+R3    485530.445   786 972632.890   972715.154   978661.046
 16  GTR+F+I+R4    485365.626   788 972307.252   972389.945   978350.746
 17  GTR+F+I+R5    484842.520   790 971265.041   971348.165   977323.874
 18  GTR+F+I+R6    484641.935   792 970867.871   970951.428   976942.043
 19  GTR+F+I+R7    484444.192   794 970476.384   970560.375   976565.895
 20  GTR+F+I+R8    484286.916   796 970165.832   970250.257   976270.682
 21  GTR+F+I+R9    484177.369   798 969950.739   970035.599   976070.927
 22  GTR+F+I+R10   484096.517   800 969793.034   969878.332   975928.561
 44  SYM+I+R10     484434.850   797 970463.701   970548.344   976576.220
 66  TVM+F+I+R10   484086.772   799 969771.543   969856.622   975899.401
 88  TVMe+I+R10    484463.354   796 970518.709   970603.134   976623.559
110  TIM3+F+I+R10  485031.474   798 971658.948   971743.809   977779.137
132  TIM3e+I+R10   485272.935   795 972135.870   972220.078   978233.050
154  TIM2+F+I+R10  484911.812   798 971419.624   971504.485   977539.813
176  TIM2e+I+R10   485230.695   795 972051.390   972135.598   978148.571
198  TIM+F+I+R10   484167.120   798 969930.241   970015.102   976050.430
220  TIMe+I+R10    484443.639   795 970477.278   970561.485   976574.458
242  TPM3u+F+I+R10 485061.279   797 971716.558   971801.201   977829.077
264  TPM3+I+R10    485328.791   794 972245.582   972329.572   978335.093
286  TPM2u+F+I+R10 484926.142   797 971446.284   971530.926   977558.803
308  TPM2+I+R10    485273.031   794 972134.062   972218.052   978223.573
330  K3Pu+F+I+R10  484179.221   797 969952.442   970037.085   976064.961
352  K3P+I+R10     484485.313   794 970558.625   970642.616   976648.137
374  TN+F+I+R10    485063.667   797 971721.335   971805.978   977833.854
396  TNe+I+R10     485273.755   794 972135.509   972219.500   978225.020
418  HKY+F+I+R10   485077.825   796 971747.650   971832.075   977852.500
440  K2P+I+R10     485314.895   793 972215.790   972299.564   978297.632
462  F81+F+I+R10   545368.067   795 1092326.134  1092410.341  1098423.314
484  JC+I+R10      545644.291   792 1092872.583  1092956.140  1098946.755
Akaike Information Criterion:           TVM+F+I+R10
Corrected Akaike Information Criterion: TVM+F+I+R10
Bayesian Information Criterion:         TVM+F+I+R10
Best-fit model: TVM+F+I+R10 chosen according to BIC

All model information printed to /flask/scratch/matthewsp/pneumonia/data/trees/m_catarrhalis.core_gene_alignment_filtered.snps.trimmed.fast.model.gz
CPU time for ModelFinder: 138765.556 seconds (38h:32m:45s)
Wall-clock time for ModelFinder: 17551.880 seconds (4h:52m:31s)

NOTE: 1511 MB RAM (1 GB) is required!
Estimate model parameters (epsilon = 0.500)
1. Initial log-likelihood: -484086.772
Optimal log-likelihood: -484086.601
Rate parameters:  A-C: 1.12858  A-G: 11.57670  A-T: 0.57450  C-G: 0.33868  C-T: 11.57670  G-T: 1.00000
Base frequencies:  A: 0.209  C: 0.294  G: 0.256  T: 0.241
Proportion of invariable sites: 0.138
Site proportion and rates:  (0.100,0.149) (0.102,0.149) (0.111,0.149) (0.113,0.149) (0.115,0.149) (0.101,0.431) (0.096,0.722) (0.091,1.254) (0.080,2.186) (0.092,5.610)
Parameters optimization took 1 rounds (6.988 sec)
Wrote distance file to... 
Computing ML distances based on estimated model parameters...
Calculating distance matrix: done in 0.409565 secs using 733.7% CPU
Computing ML distances took 0.413678 sec (of wall-clock time) 3.031939 sec (of CPU time)
Setting up auxiliary I and S matrices: done in 0.00151431 secs using 490.4% CPU
Constructing RapidNJ tree: done in 0.488853 secs using 251.5% CPU
Computing RapidNJ tree took 0.490608 sec (of wall-clock time) 1.238625 sec (of CPU time)
Log-likelihood of RapidNJ tree: -487595.305
--------------------------------------------------------------------
|             INITIALIZING CANDIDATE TREE SET                      |
--------------------------------------------------------------------

Do NNI search on 2 best initial trees
Optimizing NNI: done in 3.23298 secs using 795.5% CPU
Estimate model parameters (epsilon = 0.500)
BETTER TREE FOUND at iteration 1: -484083.895
Optimizing NNI: done in 16.0163 secs using 795.5% CPU
Finish initializing candidate tree set (4)
Current best tree score: -484083.895 / CPU time: 26.492
Number of iterations: 2
TREE SEARCH COMPLETED AFTER 2 ITERATIONS / Time: 0h:0m:40s

--------------------------------------------------------------------
|                    FINALIZING TREE SEARCH                        |
--------------------------------------------------------------------
Performs final model parameters optimization
Estimate model parameters (epsilon = 0.050)
1. Initial log-likelihood: -484083.895
2. Current log-likelihood: -484083.726
3. Current log-likelihood: -484083.543
4. Current log-likelihood: -484083.375
5. Current log-likelihood: -484083.194
6. Current log-likelihood: -484083.027
7. Current log-likelihood: -484082.844
8. Current log-likelihood: -484082.679
9. Current log-likelihood: -484082.491
10. Current log-likelihood: -484082.328
11. Current log-likelihood: -484082.134
12. Current log-likelihood: -484081.974
13. Current log-likelihood: -484081.770
14. Current log-likelihood: -484081.613
15. Current log-likelihood: -484081.395
16. Current log-likelihood: -484081.242
17. Current log-likelihood: -484081.003
18. Current log-likelihood: -484080.857
19. Current log-likelihood: -484080.613
20. Current log-likelihood: -484080.479
21. Current log-likelihood: -484080.301
22. Current log-likelihood: -484080.128
23. Current log-likelihood: -484079.952
24. Current log-likelihood: -484079.782
25. Current log-likelihood: -484079.605
26. Current log-likelihood: -484079.437
27. Current log-likelihood: -484079.259
28. Current log-likelihood: -484079.093
29. Current log-likelihood: -484078.912
30. Current log-likelihood: -484078.749
31. Current log-likelihood: -484078.563
32. Current log-likelihood: -484078.402
33. Current log-likelihood: -484078.209
34. Current log-likelihood: -484078.052
35. Current log-likelihood: -484077.848
36. Current log-likelihood: -484077.693
37. Current log-likelihood: -484077.477
38. Current log-likelihood: -484077.325
39. Current log-likelihood: -484077.099
40. Current log-likelihood: -484076.951
41. Current log-likelihood: -484076.711
42. Current log-likelihood: -484076.568
43. Current log-likelihood: -484076.338
44. Current log-likelihood: -484076.196
45. Current log-likelihood: -484075.971
46. Current log-likelihood: -484075.825
47. Current log-likelihood: -484075.592
48. Current log-likelihood: -484075.450
49. Current log-likelihood: -484075.228
50. Current log-likelihood: -484075.082
51. Current log-likelihood: -484074.852
52. Current log-likelihood: -484074.710
53. Current log-likelihood: -484074.491
54. Current log-likelihood: -484074.344
55. Current log-likelihood: -484074.121
56. Current log-likelihood: -484073.975
57. Current log-likelihood: -484073.749
58. Current log-likelihood: -484073.604
59. Current log-likelihood: -484073.379
60. Current log-likelihood: -484073.234
61. Current log-likelihood: -484073.009
62. Current log-likelihood: -484072.864
63. Current log-likelihood: -484072.640
64. Current log-likelihood: -484072.495
65. Current log-likelihood: -484072.274
66. Current log-likelihood: -484072.130
67. Current log-likelihood: -484071.909
68. Current log-likelihood: -484071.764
69. Current log-likelihood: -484071.544
70. Current log-likelihood: -484071.400
71. Current log-likelihood: -484071.181
72. Current log-likelihood: -484071.036
73. Current log-likelihood: -484070.823
74. Current log-likelihood: -484070.675
75. Current log-likelihood: -484070.467
76. Current log-likelihood: -484070.320
77. Current log-likelihood: -484070.112
78. Current log-likelihood: -484069.966
79. Current log-likelihood: -484069.758
80. Current log-likelihood: -484069.612
81. Current log-likelihood: -484069.405
82. Current log-likelihood: -484069.258
83. Current log-likelihood: -484069.053
84. Current log-likelihood: -484068.907
85. Current log-likelihood: -484068.701
86. Current log-likelihood: -484068.555
87. Current log-likelihood: -484068.351
88. Current log-likelihood: -484068.205
89. Current log-likelihood: -484068.001
90. Current log-likelihood: -484067.856
91. Current log-likelihood: -484067.654
92. Current log-likelihood: -484067.509
93. Current log-likelihood: -484067.306
94. Current log-likelihood: -484067.162
95. Current log-likelihood: -484066.961
96. Current log-likelihood: -484066.816
97. Current log-likelihood: -484066.616
98. Current log-likelihood: -484066.472
99. Current log-likelihood: -484066.272
Optimal log-likelihood: -484066.272
Rate parameters:  A-C: 1.12840  A-G: 11.57621  A-T: 0.57419  C-G: 0.33901  C-T: 11.57621  G-T: 1.00000
Base frequencies:  A: 0.209  C: 0.294  G: 0.256  T: 0.241
Proportion of invariable sites: 0.138
Site proportion and rates:  (0.101,0.151) (0.103,0.151) (0.112,0.151) (0.114,0.151) (0.116,0.151) (0.100,0.458) (0.095,0.733) (0.091,1.291) (0.077,2.223) (0.091,5.643)
Parameters optimization took 99 rounds (750.249 sec)
BEST SCORE FOUND : -484066.272
Total tree length: 10.031

Total number of iterations: 2
CPU time used for tree search: 210.209 sec (0h:3m:30s)
Wall-clock time used for tree search: 26.493 sec (0h:0m:26s)
Total CPU time used: 6241.579 sec (1h:44m:1s)
Total wall-clock time used: 790.648 sec (0h:13m:10s)

Analysis results written to: 
  IQ-TREE report:                /flask/scratch/matthewsp/pneumonia/data/trees/m_catarrhalis.core_gene_alignment_filtered.snps.trimmed.fast.iqtree
  Maximum-likelihood tree:       /flask/scratch/matthewsp/pneumonia/data/trees/m_catarrhalis.core_gene_alignment_filtered.snps.trimmed.fast.treefile
  Likelihood distances:          /flask/scratch/matthewsp/pneumonia/data/trees/m_catarrhalis.core_gene_alignment_filtered.snps.trimmed.fast.mldist
  Screen log file:               /flask/scratch/matthewsp/pneumonia/data/trees/m_catarrhalis.core_gene_alignment_filtered.snps.trimmed.fast.log

Date and Time: Mon Jun 17 20:36:48 2024
/flask/scratch/matthewsp/pneumonia/data/alignments/m_catarrhalis.core_gene_alignment_filtered.snps.trimmed.aln DONE!!!
